<?xml version="1.0" encoding="UTF-8"?>
<testsuite xmlns:xsi="http://www.w3.org/2001/XMLSchema-instance" xsi:noNamespaceSchemaLocation="https://maven.apache.org/surefire/maven-surefire-plugin/xsd/surefire-test-report.xsd" name="ru.neptun.org.RadioTest" time="0.11" tests="19" errors="0" skipped="0" failures="0">
  <properties>
[...]
</properties>
  <testcase name="increaseWaveUpBelow10" classname="ru.neptun.org.RadioTest" time="0.047"/>
  <testcase name="shouldRadioWave" classname="ru.neptun.org.RadioTest" time="0"/>
  <testcase name="shouldNotSetVolumeAboveMax" classname="ru.neptun.org.RadioTest" time="0"/>
  <testcase name="shouldNotSetVolumeBelowMax" classname="ru.neptun.org.RadioTest" time="0.001"/>
  <testcase name="decreaseVolumeDown" classname="ru.neptun.org.RadioTest" time="0.002"/>
  <testcase name="notIncreaseBelowTen" classname="ru.neptun.org.RadioTest" time="0"/>
  <testcase name="setMaxWave" classname="ru.neptun.org.RadioTest" time="0.005"/>
  <testcase name="setMinWave" classname="ru.neptun.org.RadioTest" time="0.002"/>
  <testcase name="increaseVolumeUp" classname="ru.neptun.org.RadioTest" time="0.001"/>
  <testcase name="decreaseWaveDown" classname="ru.neptun.org.RadioTest" time="0.001"/>
  <testcase name="shouldRadioVolume" classname="ru.neptun.org.RadioTest" time="0.001"/>
  <testcase name="shouldNotSetVolumeLessMin" classname="ru.neptun.org.RadioTest" time="0.001"/>
  <testcase name="decreaseVolumeBelowMin" classname="ru.neptun.org.RadioTest" time="0"/>
  <testcase name="increaseWaveUp" classname="ru.neptun.org.RadioTest" time="0.001"/>
  <testcase name="notSetBelowMax" classname="ru.neptun.org.RadioTest" time="0.002"/>
  <testcase name="setMaxVolume" classname="ru.neptun.org.RadioTest" time="0.001"/>
  <testcase name="decreaseWaveBelowDown" classname="ru.neptun.org.RadioTest" time="0"/>
  <testcase name="setMinVolume" classname="ru.neptun.org.RadioTest" time="0"/>
  <testcase name="notSetLessMin" classname="ru.neptun.org.RadioTest" time="0.002"/>
</testsuite>